<?xml version="1.0" encoding="UTF-8"?>
<coverage generated="1623720246768" clover="3.2.0">
  <project timestamp="1623720246768" name="All files">
    <metrics statements="39" coveredstatements="39" conditionals="10" coveredconditionals="10" methods="22" coveredmethods="22" elements="71" coveredelements="71" complexity="0" loc="39" ncloc="39" packages="1" files="3" classes="3"/>
    <file name="cart.js" path="/home/marciocosta/workspace/shopping-cart/cart.js">
      <metrics statements="24" coveredstatements="24" conditionals="8" coveredconditionals="8" methods="8" coveredmethods="8"/>
      <line num="4" count="1" type="stmt"/>
      <line num="5" count="30" type="stmt"/>
      <line num="6" count="7" type="stmt"/>
      <line num="8" count="7" type="cond" truecount="2" falsecount="0"/>
      <line num="9" count="6" type="cond" truecount="2" falsecount="0"/>
      <line num="10" count="3" type="cond" truecount="2" falsecount="0"/>
      <line num="12" count="2" type="stmt"/>
      <line num="15" count="1" type="stmt"/>
      <line num="16" count="2" type="stmt"/>
      <line num="17" count="2" type="stmt"/>
      <line num="18" count="8" type="cond" truecount="2" falsecount="0"/>
      <line num="19" count="12" type="stmt"/>
      <line num="23" count="1" type="stmt"/>
      <line num="24" count="1" type="stmt"/>
      <line num="25" count="1" type="stmt"/>
      <line num="27" count="4" type="stmt"/>
      <line num="28" count="4" type="stmt"/>
      <line num="30" count="1" type="stmt"/>
      <line num="31" count="1" type="stmt"/>
      <line num="33" count="1" type="stmt"/>
      <line num="34" count="1" type="stmt"/>
      <line num="35" count="1" type="stmt"/>
      <line num="36" count="1" type="stmt"/>
      <line num="38" count="1" type="stmt"/>
    </file>
    <file name="enum.js" path="/home/marciocosta/workspace/shopping-cart/enum.js">
      <metrics statements="1" coveredstatements="1" conditionals="0" coveredconditionals="0" methods="0" coveredmethods="0"/>
      <line num="1" count="1" type="stmt"/>
    </file>
    <file name="helpers.js" path="/home/marciocosta/workspace/shopping-cart/helpers.js">
      <metrics statements="14" coveredstatements="14" conditionals="2" coveredconditionals="2" methods="14" coveredmethods="14"/>
      <line num="3" count="1" type="stmt"/>
      <line num="4" count="1" type="stmt"/>
      <line num="5" count="405" type="cond" truecount="2" falsecount="0"/>
      <line num="8" count="1" type="stmt"/>
      <line num="9" count="10" type="stmt"/>
      <line num="10" count="47" type="stmt"/>
      <line num="11" count="28" type="stmt"/>
      <line num="15" count="2" type="stmt"/>
      <line num="16" count="8" type="stmt"/>
      <line num="19" count="4" type="stmt"/>
      <line num="21" count="3" type="stmt"/>
      <line num="22" count="9" type="stmt"/>
      <line num="24" count="2" type="stmt"/>
      <line num="25" count="3" type="stmt"/>
    </file>
  </project>
</coverage>
