{"/home/marciocosta/workspace/shopping-cart/cart.js": {"path":"/home/marciocosta/workspace/shopping-cart/cart.js","statementMap":{"0":{"start":{"line":4,"column":28},"end":{"line":13,"column":1}},"1":{"start":{"line":5,"column":21},"end":{"line":5,"column":71}},"2":{"start":{"line":5,"column":47},"end":{"line":5,"column":70}},"3":{"start":{"line":6,"column":16},"end":{"line":6,"column":38}},"4":{"start":{"line":8,"column":2},"end":{"line":8,"column":52}},"5":{"start":{"line":8,"column":18},"end":{"line":8,"column":52}},"6":{"start":{"line":9,"column":2},"end":{"line":9,"column":58}},"7":{"start":{"line":9,"column":24},"end":{"line":9,"column":58}},"8":{"start":{"line":10,"column":2},"end":{"line":10,"column":58}},"9":{"start":{"line":10,"column":24},"end":{"line":10,"column":58}},"10":{"start":{"line":12,"column":2},"end":{"line":12,"column":34}},"11":{"start":{"line":15,"column":36},"end":{"line":21,"column":1}},"12":{"start":{"line":16,"column":20},"end":{"line":16,"column":47}},"13":{"start":{"line":17,"column":2},"end":{"line":20,"column":4}},"14":{"start":{"line":18,"column":4},"end":{"line":19,"column":89}},"15":{"start":{"line":19,"column":20},"end":{"line":19,"column":50}},"16":{"start":{"line":23,"column":23},"end":{"line":45,"column":1}},"17":{"start":{"line":24,"column":20},"end":{"line":24,"column":47}},"18":{"start":{"line":25,"column":21},"end":{"line":25,"column":54}},"19":{"start":{"line":27,"column":21},"end":{"line":27,"column":65}},"20":{"start":{"line":27,"column":46},"end":{"line":27,"column":64}},"21":{"start":{"line":28,"column":26},"end":{"line":28,"column":60}},"22":{"start":{"line":28,"column":48},"end":{"line":28,"column":60}},"23":{"start":{"line":30,"column":19},"end":{"line":30,"column":41}},"24":{"start":{"line":31,"column":24},"end":{"line":31,"column":51}},"25":{"start":{"line":33,"column":20},"end":{"line":33,"column":60}},"26":{"start":{"line":34,"column":21},"end":{"line":34,"column":83}},"27":{"start":{"line":35,"column":24},"end":{"line":35,"column":53}},"28":{"start":{"line":36,"column":19},"end":{"line":36,"column":74}},"29":{"start":{"line":38,"column":2},"end":{"line":44,"column":3}}},"fnMap":{"0":{"name":"(anonymous_0)","decl":{"start":{"line":4,"column":28},"end":{"line":4,"column":29}},"loc":{"start":{"line":4,"column":45},"end":{"line":13,"column":1}},"line":4},"1":{"name":"(anonymous_1)","decl":{"start":{"line":5,"column":39},"end":{"line":5,"column":40}},"loc":{"start":{"line":5,"column":47},"end":{"line":5,"column":70}},"line":5},"2":{"name":"(anonymous_2)","decl":{"start":{"line":15,"column":36},"end":{"line":15,"column":37}},"loc":{"start":{"line":15,"column":53},"end":{"line":21,"column":1}},"line":15},"3":{"name":"(anonymous_3)","decl":{"start":{"line":17,"column":27},"end":{"line":17,"column":28}},"loc":{"start":{"line":17,"column":35},"end":{"line":20,"column":3}},"line":17},"4":{"name":"(anonymous_4)","decl":{"start":{"line":19,"column":12},"end":{"line":19,"column":13}},"loc":{"start":{"line":19,"column":20},"end":{"line":19,"column":50}},"line":19},"5":{"name":"(anonymous_5)","decl":{"start":{"line":23,"column":23},"end":{"line":23,"column":24}},"loc":{"start":{"line":23,"column":40},"end":{"line":45,"column":1}},"line":23},"6":{"name":"(anonymous_6)","decl":{"start":{"line":27,"column":21},"end":{"line":27,"column":22}},"loc":{"start":{"line":27,"column":46},"end":{"line":27,"column":64}},"line":27},"7":{"name":"(anonymous_7)","decl":{"start":{"line":28,"column":26},"end":{"line":28,"column":27}},"loc":{"start":{"line":28,"column":48},"end":{"line":28,"column":60}},"line":28}},"branchMap":{"0":{"loc":{"start":{"line":8,"column":2},"end":{"line":8,"column":52}},"type":"if","locations":[{"start":{"line":8,"column":2},"end":{"line":8,"column":52}},{"start":{"line":8,"column":2},"end":{"line":8,"column":52}}],"line":8},"1":{"loc":{"start":{"line":9,"column":2},"end":{"line":9,"column":58}},"type":"if","locations":[{"start":{"line":9,"column":2},"end":{"line":9,"column":58}},{"start":{"line":9,"column":2},"end":{"line":9,"column":58}}],"line":9},"2":{"loc":{"start":{"line":10,"column":2},"end":{"line":10,"column":58}},"type":"if","locations":[{"start":{"line":10,"column":2},"end":{"line":10,"column":58}},{"start":{"line":10,"column":2},"end":{"line":10,"column":58}}],"line":10},"3":{"loc":{"start":{"line":18,"column":11},"end":{"line":19,"column":89}},"type":"binary-expr","locations":[{"start":{"line":18,"column":11},"end":{"line":19,"column":58}},{"start":{"line":19,"column":62},"end":{"line":19,"column":89}}],"line":18}},"s":{"0":1,"1":7,"2":30,"3":7,"4":7,"5":1,"6":6,"7":3,"8":3,"9":1,"10":2,"11":1,"12":2,"13":2,"14":8,"15":12,"16":1,"17":1,"18":1,"19":1,"20":4,"21":1,"22":4,"23":1,"24":1,"25":1,"26":1,"27":1,"28":1,"29":1},"f":{"0":7,"1":30,"2":2,"3":8,"4":12,"5":1,"6":4,"7":4},"b":{"0":[1,6],"1":[3,3],"2":[1,2],"3":[8,2]},"_coverageSchema":"1a1c01bbd47fc00a2c39e90264f33305004495a9","hash":"9cfec5710602733371bea5956a56069d766c6450"}
,"/home/marciocosta/workspace/shopping-cart/enum.js": {"path":"/home/marciocosta/workspace/shopping-cart/enum.js","statementMap":{"0":{"start":{"line":1,"column":31},"end":{"line":6,"column":1}}},"fnMap":{},"branchMap":{},"s":{"0":1},"f":{},"b":{},"_coverageSchema":"1a1c01bbd47fc00a2c39e90264f33305004495a9","hash":"246a0b5907fded5263378fae34151b48f94cb7e6"}
,"/home/marciocosta/workspace/shopping-cart/helpers.js": {"path":"/home/marciocosta/workspace/shopping-cart/helpers.js","statementMap":{"0":{"start":{"line":3,"column":21},"end":{"line":3,"column":25}},"1":{"start":{"line":4,"column":24},"end":{"line":6,"column":1}},"2":{"start":{"line":5,"column":2},"end":{"line":5,"column":69}},"3":{"start":{"line":5,"column":31},"end":{"line":5,"column":45}},"4":{"start":{"line":8,"column":26},"end":{"line":13,"column":1}},"5":{"start":{"line":9,"column":2},"end":{"line":12,"column":3}},"6":{"start":{"line":10,"column":24},"end":{"line":10,"column":71}},"7":{"start":{"line":10,"column":40},"end":{"line":10,"column":52}},"8":{"start":{"line":11,"column":26},"end":{"line":11,"column":38}},"9":{"start":{"line":15,"column":19},"end":{"line":17,"column":5}},"10":{"start":{"line":15,"column":26},"end":{"line":17,"column":5}},"11":{"start":{"line":16,"column":2},"end":{"line":16,"column":23}},"12":{"start":{"line":19,"column":21},"end":{"line":19,"column":54}},"13":{"start":{"line":19,"column":30},"end":{"line":19,"column":54}},"14":{"start":{"line":21,"column":29},"end":{"line":22,"column":46}},"15":{"start":{"line":21,"column":47},"end":{"line":22,"column":46}},"16":{"start":{"line":22,"column":2},"end":{"line":22,"column":46}},"17":{"start":{"line":22,"column":32},"end":{"line":22,"column":39}},"18":{"start":{"line":24,"column":20},"end":{"line":26,"column":1}},"19":{"start":{"line":24,"column":27},"end":{"line":26,"column":1}},"20":{"start":{"line":25,"column":2},"end":{"line":25,"column":26}}},"fnMap":{"0":{"name":"(anonymous_0)","decl":{"start":{"line":4,"column":24},"end":{"line":4,"column":25}},"loc":{"start":{"line":4,"column":30},"end":{"line":6,"column":1}},"line":4},"1":{"name":"(anonymous_1)","decl":{"start":{"line":5,"column":23},"end":{"line":5,"column":24}},"loc":{"start":{"line":5,"column":31},"end":{"line":5,"column":45}},"line":5},"2":{"name":"(anonymous_2)","decl":{"start":{"line":8,"column":26},"end":{"line":8,"column":27}},"loc":{"start":{"line":8,"column":33},"end":{"line":13,"column":1}},"line":8},"3":{"name":"(anonymous_3)","decl":{"start":{"line":10,"column":14},"end":{"line":10,"column":15}},"loc":{"start":{"line":10,"column":24},"end":{"line":10,"column":71}},"line":10},"4":{"name":"(anonymous_4)","decl":{"start":{"line":10,"column":35},"end":{"line":10,"column":36}},"loc":{"start":{"line":10,"column":40},"end":{"line":10,"column":52}},"line":10},"5":{"name":"(anonymous_5)","decl":{"start":{"line":11,"column":21},"end":{"line":11,"column":22}},"loc":{"start":{"line":11,"column":26},"end":{"line":11,"column":38}},"line":11},"6":{"name":"(anonymous_6)","decl":{"start":{"line":15,"column":19},"end":{"line":15,"column":20}},"loc":{"start":{"line":15,"column":26},"end":{"line":17,"column":5}},"line":15},"7":{"name":"(anonymous_7)","decl":{"start":{"line":15,"column":37},"end":{"line":15,"column":38}},"loc":{"start":{"line":15,"column":56},"end":{"line":17,"column":1}},"line":15},"8":{"name":"(anonymous_8)","decl":{"start":{"line":19,"column":21},"end":{"line":19,"column":22}},"loc":{"start":{"line":19,"column":30},"end":{"line":19,"column":54}},"line":19},"9":{"name":"(anonymous_9)","decl":{"start":{"line":21,"column":29},"end":{"line":21,"column":30}},"loc":{"start":{"line":21,"column":47},"end":{"line":22,"column":46}},"line":21},"10":{"name":"(anonymous_10)","decl":{"start":{"line":21,"column":47},"end":{"line":21,"column":48}},"loc":{"start":{"line":22,"column":2},"end":{"line":22,"column":46}},"line":22},"11":{"name":"(anonymous_11)","decl":{"start":{"line":22,"column":19},"end":{"line":22,"column":20}},"loc":{"start":{"line":22,"column":32},"end":{"line":22,"column":39}},"line":22},"12":{"name":"(anonymous_12)","decl":{"start":{"line":24,"column":20},"end":{"line":24,"column":21}},"loc":{"start":{"line":24,"column":27},"end":{"line":26,"column":1}},"line":24},"13":{"name":"(anonymous_13)","decl":{"start":{"line":24,"column":27},"end":{"line":24,"column":28}},"loc":{"start":{"line":24,"column":39},"end":{"line":26,"column":1}},"line":24}},"branchMap":{"0":{"loc":{"start":{"line":5,"column":9},"end":{"line":5,"column":69}},"type":"binary-expr","locations":[{"start":{"line":5,"column":9},"end":{"line":5,"column":46}},{"start":{"line":5,"column":50},"end":{"line":5,"column":69}}],"line":5}},"s":{"0":1,"1":1,"2":46,"3":405,"4":1,"5":10,"6":11,"7":47,"8":28,"9":1,"10":2,"11":8,"12":1,"13":4,"14":1,"15":3,"16":3,"17":9,"18":1,"19":2,"20":3},"f":{"0":46,"1":405,"2":10,"3":11,"4":47,"5":28,"6":2,"7":8,"8":4,"9":3,"10":3,"11":9,"12":2,"13":3},"b":{"0":[46,1]},"_coverageSchema":"1a1c01bbd47fc00a2c39e90264f33305004495a9","hash":"9c492fd3777008fb43b2da7b6736ab77c1c95729"}
}
