TN:
SF:cart.js
FN:4,(anonymous_0)
FN:5,(anonymous_1)
FN:15,(anonymous_2)
FN:17,(anonymous_3)
FN:19,(anonymous_4)
FN:23,(anonymous_5)
FN:27,(anonymous_6)
FN:28,(anonymous_7)
FNF:8
FNH:8
FNDA:7,(anonymous_0)
FNDA:30,(anonymous_1)
FNDA:2,(anonymous_2)
FNDA:8,(anonymous_3)
FNDA:12,(anonymous_4)
FNDA:1,(anonymous_5)
FNDA:4,(anonymous_6)
FNDA:4,(anonymous_7)
DA:4,1
DA:5,30
DA:6,7
DA:8,7
DA:9,6
DA:10,3
DA:12,2
DA:15,1
DA:16,2
DA:17,2
DA:18,8
DA:19,12
DA:23,1
DA:24,1
DA:25,1
DA:27,4
DA:28,4
DA:30,1
DA:31,1
DA:33,1
DA:34,1
DA:35,1
DA:36,1
DA:38,1
LF:24
LH:24
BRDA:8,0,0,1
BRDA:8,0,1,6
BRDA:9,1,0,3
BRDA:9,1,1,3
BRDA:10,2,0,1
BRDA:10,2,1,2
BRDA:18,3,0,8
BRDA:18,3,1,2
BRF:8
BRH:8
end_of_record
TN:
SF:enum.js
FNF:0
FNH:0
DA:1,1
LF:1
LH:1
BRF:0
BRH:0
end_of_record
TN:
SF:helpers.js
FN:4,(anonymous_0)
FN:5,(anonymous_1)
FN:8,(anonymous_2)
FN:10,(anonymous_3)
FN:10,(anonymous_4)
FN:11,(anonymous_5)
FN:15,(anonymous_6)
FN:15,(anonymous_7)
FN:19,(anonymous_8)
FN:21,(anonymous_9)
FN:21,(anonymous_10)
FN:22,(anonymous_11)
FN:24,(anonymous_12)
FN:24,(anonymous_13)
FNF:14
FNH:14
FNDA:46,(anonymous_0)
FNDA:405,(anonymous_1)
FNDA:10,(anonymous_2)
FNDA:11,(anonymous_3)
FNDA:47,(anonymous_4)
FNDA:28,(anonymous_5)
FNDA:2,(anonymous_6)
FNDA:8,(anonymous_7)
FNDA:4,(anonymous_8)
FNDA:3,(anonymous_9)
FNDA:3,(anonymous_10)
FNDA:9,(anonymous_11)
FNDA:2,(anonymous_12)
FNDA:3,(anonymous_13)
DA:3,1
DA:4,1
DA:5,405
DA:8,1
DA:9,10
DA:10,47
DA:11,28
DA:15,2
DA:16,8
DA:19,4
DA:21,3
DA:22,9
DA:24,2
DA:25,3
LF:14
LH:14
BRDA:5,0,0,46
BRDA:5,0,1,1
BRF:2
BRH:2
end_of_record
